c:\users\miche\source\repos\firearcwithgui\firearcwithgui\x64\debug\microsoftedgebrowser.obj
c:\users\miche\source\repos\firearcwithgui\firearcwithgui\x64\debug\main.obj
c:\users\miche\source\repos\firearcwithgui\firearcwithgui\x64\debug\firearcwithgui.obj
c:\users\miche\source\repos\firearcwithgui\firearcwithgui\x64\debug\simulateuserutility.obj
c:\users\miche\source\repos\firearcwithgui\firearcwithgui\x64\debug\ibrowser.obj
c:\users\miche\source\repos\firearcwithgui\firearcwithgui\x64\debug\chromebrowser.obj
c:\users\miche\source\repos\firearcwithgui\firearcwithgui\x64\debug\vc143.pdb
c:\users\miche\source\repos\firearcwithgui\firearcwithgui\x64\debug\moc_firearcwithgui.obj
c:\users\miche\source\repos\firearcwithgui\firearcwithgui\x64\debug\qrc_firearcwithgui.obj
c:\users\miche\source\repos\firearcwithgui\firearcwithgui\x64\debug\uic\ui_firearcwithgui.h
c:\users\miche\source\repos\firearcwithgui\firearcwithgui\x64\debug\rcc\qrc_firearcwithgui.cpp
c:\users\miche\source\repos\firearcwithgui\firearcwithgui\x64\debug\moc\moc_firearcwithgui.cpp
c:\users\miche\source\repos\firearcwithgui\x64\debug\firearcwithgui.exe
c:\users\miche\source\repos\firearcwithgui\x64\debug\firearcwithgui.ilk
c:\users\miche\source\repos\firearcwithgui\x64\debug\firearcwithgui.pdb
c:\users\miche\source\repos\firearcwithgui\firearcwithgui\x64\debug\firearcwithgui.tlog\cl.command.1.tlog
c:\users\miche\source\repos\firearcwithgui\firearcwithgui\x64\debug\firearcwithgui.tlog\cl.items.tlog
c:\users\miche\source\repos\firearcwithgui\firearcwithgui\x64\debug\firearcwithgui.tlog\cl.read.1.tlog
c:\users\miche\source\repos\firearcwithgui\firearcwithgui\x64\debug\firearcwithgui.tlog\cl.write.1.tlog
c:\users\miche\source\repos\firearcwithgui\firearcwithgui\x64\debug\firearcwithgui.tlog\firearcwithgui.write.1u.tlog
c:\users\miche\source\repos\firearcwithgui\firearcwithgui\x64\debug\firearcwithgui.tlog\link.command.1.tlog
c:\users\miche\source\repos\firearcwithgui\firearcwithgui\x64\debug\firearcwithgui.tlog\link.read.1.tlog
c:\users\miche\source\repos\firearcwithgui\firearcwithgui\x64\debug\firearcwithgui.tlog\link.write.1.tlog
c:\users\miche\source\repos\firearcwithgui\firearcwithgui\x64\debug\firearcwithgui.tlog\moc.read.1u.tlog
c:\users\miche\source\repos\firearcwithgui\firearcwithgui\x64\debug\firearcwithgui.tlog\moc.write.1u.tlog
c:\users\miche\source\repos\firearcwithgui\firearcwithgui\x64\debug\firearcwithgui.tlog\rcc.read.1u.tlog
c:\users\miche\source\repos\firearcwithgui\firearcwithgui\x64\debug\firearcwithgui.tlog\rcc.write.1u.tlog
c:\users\miche\source\repos\firearcwithgui\firearcwithgui\x64\debug\firearcwithgui.tlog\uic.read.1u.tlog
c:\users\miche\source\repos\firearcwithgui\firearcwithgui\x64\debug\firearcwithgui.tlog\uic.write.1u.tlog
