c:\users\miche\source\repos\firearcwithgui\firearcwithgui\x64\release\qrc_firearcwithgui.obj
c:\users\miche\source\repos\firearcwithgui\firearcwithgui\x64\release\moc_firearcwithgui.obj
c:\users\miche\source\repos\firearcwithgui\firearcwithgui\x64\release\microsoftedgebrowser.obj
c:\users\miche\source\repos\firearcwithgui\firearcwithgui\x64\release\ibrowser.obj
c:\users\miche\source\repos\firearcwithgui\firearcwithgui\x64\release\main.obj
c:\users\miche\source\repos\firearcwithgui\firearcwithgui\x64\release\chromebrowser.obj
c:\users\miche\source\repos\firearcwithgui\firearcwithgui\x64\release\firearcwithgui.obj
c:\users\miche\source\repos\firearcwithgui\firearcwithgui\x64\release\simulateuserutility.obj
c:\users\miche\source\repos\firearcwithgui\firearcwithgui\x64\release\uic\ui_firearcwithgui.h
c:\users\miche\source\repos\firearcwithgui\firearcwithgui\x64\release\rcc\qrc_firearcwithgui.cpp
c:\users\miche\source\repos\firearcwithgui\firearcwithgui\x64\release\moc\moc_firearcwithgui.cpp
c:\users\miche\source\repos\firearcwithgui\x64\release\firearcwithgui.exe
c:\users\miche\source\repos\firearcwithgui\firearcwithgui\x64\release\firearcwithgui.tlog\cl.10000.write.1.tlog
c:\users\miche\source\repos\firearcwithgui\firearcwithgui\x64\release\firearcwithgui.tlog\cl.command.1.tlog
c:\users\miche\source\repos\firearcwithgui\firearcwithgui\x64\release\firearcwithgui.tlog\cl.items.tlog
c:\users\miche\source\repos\firearcwithgui\firearcwithgui\x64\release\firearcwithgui.tlog\cl.read.1.tlog
c:\users\miche\source\repos\firearcwithgui\firearcwithgui\x64\release\firearcwithgui.tlog\firearcwithgui.write.1u.tlog
c:\users\miche\source\repos\firearcwithgui\firearcwithgui\x64\release\firearcwithgui.tlog\link.command.1.tlog
c:\users\miche\source\repos\firearcwithgui\firearcwithgui\x64\release\firearcwithgui.tlog\link.read.1.tlog
c:\users\miche\source\repos\firearcwithgui\firearcwithgui\x64\release\firearcwithgui.tlog\link.write.1.tlog
c:\users\miche\source\repos\firearcwithgui\firearcwithgui\x64\release\firearcwithgui.tlog\moc.read.1u.tlog
c:\users\miche\source\repos\firearcwithgui\firearcwithgui\x64\release\firearcwithgui.tlog\moc.write.1u.tlog
c:\users\miche\source\repos\firearcwithgui\firearcwithgui\x64\release\firearcwithgui.tlog\rcc.read.1u.tlog
c:\users\miche\source\repos\firearcwithgui\firearcwithgui\x64\release\firearcwithgui.tlog\rcc.write.1u.tlog
c:\users\miche\source\repos\firearcwithgui\firearcwithgui\x64\release\firearcwithgui.tlog\uic.read.1u.tlog
c:\users\miche\source\repos\firearcwithgui\firearcwithgui\x64\release\firearcwithgui.tlog\uic.write.1u.tlog
